Unity Editor version:    2020.3.22f1c1 (9ee66e5289da)
Branch:                  2020.3/china_unity/release
Build type:              Release
Batch mode:              YES
macOS version:           Version 11.6 (Build 20G165)
Darwin version:          20.6.0
Architecture:            x86_64
Running under Rosetta:   NO
Available memory:        8192 MB
Using pre-set license
Pro License: NO

COMMAND LINE ARGUMENTS:
/Applications/Unity/Hub/Editor/2020.3.22f1c1/Unity.app/Contents/MacOS/Unity
-adb2
-batchMode
-noUpm
-name
AssetImportWorker0
-projectPath
/Users/xuke/MyProject/Project/UnityFramework
-logFile
Logs/AssetImportWorker0.log
-srvPort
52535
Successfully changed project path to: /Users/xuke/MyProject/Project/UnityFramework
/Users/xuke/MyProject/Project/UnityFramework
Using Asset Import Pipeline V2.
AS: AutoStreaming module initializing.Setting multithreaded rendering option only supported for iOS, tvOS and Android platforms, Undefined provided
Multithreaded rendering setting removed for platform Samsung TV
Refreshing native plugins compatible for Editor in 57.75 ms, found 2 plugins.
Preloading 0 native plugins for Editor in 0.00 ms.
Initialize engine version: 2020.3.22f1c1 (9ee66e5289da)
[Subsystems] Discovering subsystems at path /Applications/Unity/Hub/Editor/2020.3.22f1c1/Unity.app/Contents/Resources/UnitySubsystems
[Subsystems] Discovering subsystems at path /Users/xuke/MyProject/Project/UnityFramework/Assets
GfxDevice: creating device client; threaded=0
2021-12-12 10:50:35.972 Unity[4817:85565] DELL U2419HS preferred device: Intel(R) UHD Graphics 630 (low power)
2021-12-12 10:50:35.972 Unity[4817:85565] Metal devices available: 1
2021-12-12 10:50:35.972 Unity[4817:85565] 0: Intel(R) UHD Graphics 630 (low power)
2021-12-12 10:50:35.972 Unity[4817:85565] Using device Intel(R) UHD Graphics 630 (low power)
Initializing Metal device caps: Intel(R) UHD Graphics 630
Initialize mono
Mono path[0] = '/Applications/Unity/Hub/Editor/2020.3.22f1c1/Unity.app/Contents/Managed'
Mono path[1] = '/Applications/Unity/Hub/Editor/2020.3.22f1c1/Unity.app/Contents/MonoBleedingEdge/lib/mono/unityjit'
Mono config path = '/Applications/Unity/Hub/Editor/2020.3.22f1c1/Unity.app/Contents/MonoBleedingEdge/etc'
Using monoOptions --debugger-agent=transport=dt_socket,embedding=1,server=y,suspend=n,address=127.0.0.1:56817
Begin MonoManager ReloadAssembly
Registering precompiled unity dll's ...
Register platform support module: /Applications/Unity/Hub/Editor/2020.3.22f1c1/PlaybackEngines/WebGLSupport/UnityEditor.WebGL.Extensions.dll
Register platform support module: /Applications/Unity/Hub/Editor/2020.3.22f1c1/Unity.app/Contents/PlaybackEngines/MacStandaloneSupport/UnityEditor.OSXStandalone.Extensions.dll
Registered in 0.003315 seconds.
Native extension for OSXStandalone target not found
Native extension for WebGL target not found
Refreshing native plugins compatible for Editor in 42.72 ms, found 2 plugins.
Preloading 0 native plugins for Editor in 0.00 ms.
Mono: successfully reloaded assembly
- Completed reload, in  1.534 seconds
Domain Reload Profiling:
	ReloadAssembly (1535ms)
		BeginReloadAssembly (49ms)
			ExecutionOrderSort (0ms)
			DisableScriptedObjects (0ms)
			BackupInstance (0ms)
			ReleaseScriptingObjects (0ms)
			CreateAndSetChildDomain (1ms)
		EndReloadAssembly (533ms)
			LoadAssemblies (50ms)
			RebuildTransferFunctionScriptingTraits (0ms)
			SetupTypeCache (194ms)
			ReleaseScriptCaches (0ms)
			RebuildScriptCaches (42ms)
			SetupLoadedEditorAssemblies (207ms)
				LogAssemblyErrors (0ms)
				InitializePlatformSupportModulesInManaged (5ms)
				SetLoadedEditorAssemblies (0ms)
				RefreshPlugins (43ms)
				BeforeProcessingInitializeOnLoad (29ms)
				ProcessInitializeOnLoadAttributes (98ms)
				ProcessInitializeOnLoadMethodAttributes (32ms)
				AfterProcessingInitializeOnLoad (0ms)
				EditorAssembliesLoaded (0ms)
			ExecutionOrderSort2 (0ms)
			AwakeInstancesAfterBackupRestoration (0ms)
Platform modules already initialized, skipping
Registering precompiled user dll's ...
Registered in 0.008578 seconds.
Begin MonoManager ReloadAssembly
Native extension for OSXStandalone target not found
Native extension for WebGL target not found
Refreshing native plugins compatible for Editor in 0.65 ms, found 2 plugins.
Preloading 0 native plugins for Editor in 0.00 ms.
Mono: successfully reloaded assembly
- Completed reload, in  1.320 seconds
Domain Reload Profiling:
	ReloadAssembly (1320ms)
		BeginReloadAssembly (168ms)
			ExecutionOrderSort (0ms)
			DisableScriptedObjects (5ms)
			BackupInstance (0ms)
			ReleaseScriptingObjects (0ms)
			CreateAndSetChildDomain (31ms)
		EndReloadAssembly (1081ms)
			LoadAssemblies (124ms)
			RebuildTransferFunctionScriptingTraits (0ms)
			SetupTypeCache (368ms)
			ReleaseScriptCaches (0ms)
			RebuildScriptCaches (60ms)
			SetupLoadedEditorAssemblies (414ms)
				LogAssemblyErrors (0ms)
				InitializePlatformSupportModulesInManaged (6ms)
				SetLoadedEditorAssemblies (1ms)
				RefreshPlugins (1ms)
				BeforeProcessingInitializeOnLoad (86ms)
				ProcessInitializeOnLoadAttributes (264ms)
				ProcessInitializeOnLoadMethodAttributes (55ms)
				AfterProcessingInitializeOnLoad (1ms)
				EditorAssembliesLoaded (1ms)
			ExecutionOrderSort2 (0ms)
			AwakeInstancesAfterBackupRestoration (7ms)
Platform modules already initialized, skipping
Validating Project structure ... 0.005809 seconds.

LICENSE SYSTEM [20211212 10:50:39] Next license update check is after 2021-12-13T02:27:54

Shader import version has changed; will reimport all shaders...
Upgrading shader files ...0.009737 seconds.
Application.AssetDatabase Initial Script Refresh Start
RefreshInfo: InitialScriptRefreshV2(NoUpdateAssetOptions) scanfilter:  ... 1 filters
RefreshProfiler: Total: 0.000ms
Application.AssetDatabase Initial Script Refresh End
Application.AssetDatabase.Refresh Start
Application.AssetDatabase.Refresh End
RefreshInfo: StopAssetImportingV2(ForceSynchronousImport) scanfilter: 
RefreshProfiler: Total: 0.000ms
Launching external process: /Applications/Unity/Hub/Editor/2020.3.22f1c1/Unity.app/Contents/Tools/UnityShaderCompiler
Launched and connected shader compiler UnityShaderCompiler after 0.01 seconds
Initializing Unity extensions:
========================================================================
Worker process is ready to serve import requests
Setting multithreaded rendering option only supported for iOS, tvOS and Android platforms, Undefined provided
Multithreaded rendering setting removed for platform Samsung TV
Refreshing native plugins compatible for Editor in 0.62 ms, found 2 plugins.
Preloading 0 native plugins for Editor in 0.00 ms.
Unloading 2261 Unused Serialized files (Serialized files now loaded: 0)
System memory in use before: 192.2 MB.
System memory in use after: 191.4 MB.

Unloading 137 unused Assets to reduce memory usage. Loaded Objects now: 2704.
Total: 8.517613 ms (FindLiveObjects: 0.216836 ms CreateObjectMapping: 0.090550 ms MarkObjects: 7.704499 ms  DeleteObjects: 0.504596 ms)

AssetImportParameters requested are different than current active one (requested -> active):
  custom:video-decoder-ogg-theora: a1e56fd34408186e4bbccfd4996cb3dc -> 
  custom:container-muxer-webm: aa71ff27fc2769a1b78a27578f13a17b -> 
  custom:container-demuxer-webm: 4f35f7cbe854078d1ac9338744f61a02 -> 
  custom:container-demuxer-ogg: 62fdf1f143b41e24485cea50d1cbac27 -> 
  custom:video-encoder-webm-vp8: eb34c28f22e8b96e1ab97ce403110664 -> 
  custom:framework-osx-AVFoundation: e770b220cccbd017edd2c1fefb359320 -> 
  custom:video-decoder-webm-vp8: 9c59270c3fd7afecdb556c50c9e8de78 -> 
  custom:audio-decoder-ogg-vorbis: bf7c407c2cedff20999df2af8eb42d56 -> 
  custom:audio-encoder-webm-vorbis: bf7c407c2cedff20999df2af8eb42d56 -> 
========================================================================
Received Import Request.
  path: Assets/Scripts/xk_System/Encryption/RSA.cs
  artifactKey: Guid(c75700d2e9ca9fc408f7e6654be3d53f) Importer(815301076,1909f56bfc062723c751e8b465ee728b)
Start importing Assets/Scripts/xk_System/Encryption/RSA.cs using Guid(c75700d2e9ca9fc408f7e6654be3d53f) Importer(815301076,1909f56bfc062723c751e8b465ee728b)  -> (artifact id: 'cb36f431f96bd5d38e89f17453636c19') in 0.333734 seconds 
  Import took 0.337237 seconds .

========================================================================
Received Import Request.
  Time since last request: 0.003263 seconds.
  path: Assets/Scripts/xk_System/Encryption/EncryptionSystem.cs
  artifactKey: Guid(be4341042a396394698e05b9131a463e) Importer(815301076,1909f56bfc062723c751e8b465ee728b)
Start importing Assets/Scripts/xk_System/Encryption/EncryptionSystem.cs using Guid(be4341042a396394698e05b9131a463e) Importer(815301076,1909f56bfc062723c751e8b465ee728b)  -> (artifact id: 'a9d3df1d7222fde22cd7e95df900024a') in 0.001978 seconds 
  Import took 0.006023 seconds .

========================================================================
Received Import Request.
  Time since last request: 155.717182 seconds.
  path: Assets/Scripts/xk_System/Net/Google.Protobuf.dll
  artifactKey: Guid(86276fcc7cdf8074a88a8a39ec8bc682) Importer(815301076,1909f56bfc062723c751e8b465ee728b)
Start importing Assets/Scripts/xk_System/Net/Google.Protobuf.dll using Guid(86276fcc7cdf8074a88a8a39ec8bc682) Importer(815301076,1909f56bfc062723c751e8b465ee728b)  -> (artifact id: 'e4a230ff9dc52517bdc0a6f8ef6d7dd2') in 0.991569 seconds 
  Import took 0.996649 seconds .

========================================================================
Received Import Request.
  Time since last request: 34.044251 seconds.
  path: Assets/Google.Protobuf
  artifactKey: Guid(51c2dd93174e4461a83e52ec3b8c6879) Importer(815301076,1909f56bfc062723c751e8b465ee728b)
Start importing Assets/Google.Protobuf using Guid(51c2dd93174e4461a83e52ec3b8c6879) Importer(815301076,1909f56bfc062723c751e8b465ee728b)  -> (artifact id: 'b3f0c1fd8962f4e203cc23b0517b7e21') in 0.000871 seconds 
  Import took 0.004704 seconds .

========================================================================
Received Import Request.
  Time since last request: 1.923335 seconds.
  path: Assets/Google.Protobuf/net45/Google.Protobuf.dll
  artifactKey: Guid(eece50c0cf8d147a9aa225ada4734289) Importer(815301076,1909f56bfc062723c751e8b465ee728b)
Start importing Assets/Google.Protobuf/net45/Google.Protobuf.dll using Guid(eece50c0cf8d147a9aa225ada4734289) Importer(815301076,1909f56bfc062723c751e8b465ee728b)  -> (artifact id: '60fd63b0ba4b9b0e8a7ea2c35272532f') in 0.003084 seconds 
  Import took 0.006705 seconds .

========================================================================
Received Import Request.
  Time since last request: 1.388711 seconds.
  path: Assets/Google.Protobuf/net45/Google.Protobuf.pdb
  artifactKey: Guid(d527f1e41b1a24b7983be6cd0d056138) Importer(815301076,1909f56bfc062723c751e8b465ee728b)
Start importing Assets/Google.Protobuf/net45/Google.Protobuf.pdb using Guid(d527f1e41b1a24b7983be6cd0d056138) Importer(815301076,1909f56bfc062723c751e8b465ee728b)  -> (artifact id: 'b98d8dd10666d615155ba2ff80623717') in 0.767650 seconds 
  Import took 0.771225 seconds .

========================================================================
Received Import Request.
  Time since last request: 0.156137 seconds.
  path: Assets/Google.Protobuf/net45/Google.Protobuf.xml
  artifactKey: Guid(f317a6c456b41499fb6405df72d16c83) Importer(815301076,1909f56bfc062723c751e8b465ee728b)
Start importing Assets/Google.Protobuf/net45/Google.Protobuf.xml using Guid(f317a6c456b41499fb6405df72d16c83) Importer(815301076,1909f56bfc062723c751e8b465ee728b)  -> (artifact id: '97ae715e5cbb17185c4ed7ea5bcfa5cc') in 1.445914 seconds 
  Import took 1.449365 seconds .

